Using pre-set license
Built from '2020.3/staging' branch; Version is '2020.3.19f1 (68f137dc9bbe) revision 6877495'; Using compiler version '192528614'; Build Type 'Release'
OS: 'Windows 10 Pro; OS build 19042.1237; Version 2009; 64bit' Language: 'en' Physical Memory: 16146 MB
BatchMode: 1, IsHumanControllingUs: 0, StartBugReporterOnCrash: 0, Is64bit: 1, IsPro: 0

COMMAND LINE ARGUMENTS:
C:\Program Files\Unity\Hub\Editor\2020.3.19f1\Editor\Unity.exe
-adb2
-batchMode
-noUpm
-name
AssetImportWorker0
-projectPath
C:/File Partition/University of Minnesota Duluth/GitHub/SIVE Lab/unity-vrlab/UMD-VRLab
-logFile
Logs/AssetImportWorker0.log
-srvPort
51516
Successfully changed project path to: C:/File Partition/University of Minnesota Duluth/GitHub/SIVE Lab/unity-vrlab/UMD-VRLab
C:/File Partition/University of Minnesota Duluth/GitHub/SIVE Lab/unity-vrlab/UMD-VRLab
Using Asset Import Pipeline V2.
Refreshing native plugins compatible for Editor in 62.66 ms, found 2 plugins.
Preloading 0 native plugins for Editor in 0.00 ms.
Initialize engine version: 2020.3.19f1 (68f137dc9bbe)
[Subsystems] Discovering subsystems at path C:/Program Files/Unity/Hub/Editor/2020.3.19f1/Editor/Data/Resources/UnitySubsystems
[Subsystems] Discovering subsystems at path C:/File Partition/University of Minnesota Duluth/GitHub/SIVE Lab/unity-vrlab/UMD-VRLab/Assets
GfxDevice: creating device client; threaded=0
Direct3D:
    Version:  Direct3D 11.0 [level 11.1]
    Renderer: NVIDIA GeForce RTX 2070 Super (ID=0x1ed1)
    Vendor:   
    VRAM:     8011 MB
    Driver:   30.0.14.7135
Initialize mono
Mono path[0] = 'C:/Program Files/Unity/Hub/Editor/2020.3.19f1/Editor/Data/Managed'
Mono path[1] = 'C:/Program Files/Unity/Hub/Editor/2020.3.19f1/Editor/Data/MonoBleedingEdge/lib/mono/unityjit'
Mono config path = 'C:/Program Files/Unity/Hub/Editor/2020.3.19f1/Editor/Data/MonoBleedingEdge/etc'
Using monoOptions --debugger-agent=transport=dt_socket,embedding=1,server=y,suspend=n,address=127.0.0.1:56116
Begin MonoManager ReloadAssembly
Registering precompiled unity dll's ...
Register platform support module: C:/Program Files/Unity/Hub/Editor/2020.3.19f1/Editor/Data/PlaybackEngines/WindowsStandaloneSupport/UnityEditor.WindowsStandalone.Extensions.dll
Registered in 0.001986 seconds.
Native extension for WindowsStandalone target not found
Refreshing native plugins compatible for Editor in 54.78 ms, found 2 plugins.
Preloading 0 native plugins for Editor in 0.00 ms.
Mono: successfully reloaded assembly
- Completed reload, in  1.703 seconds
Domain Reload Profiling:
	ReloadAssembly (1704ms)
		BeginReloadAssembly (48ms)
			ExecutionOrderSort (0ms)
			DisableScriptedObjects (0ms)
			BackupInstance (0ms)
			ReleaseScriptingObjects (0ms)
			CreateAndSetChildDomain (1ms)
		EndReloadAssembly (444ms)
			LoadAssemblies (46ms)
			RebuildTransferFunctionScriptingTraits (0ms)
			SetupTypeCache (144ms)
			ReleaseScriptCaches (0ms)
			RebuildScriptCaches (26ms)
			SetupLoadedEditorAssemblies (183ms)
				LogAssemblyErrors (0ms)
				InitializePlatformSupportModulesInManaged (4ms)
				SetLoadedEditorAssemblies (0ms)
				RefreshPlugins (56ms)
				BeforeProcessingInitializeOnLoad (14ms)
				ProcessInitializeOnLoadAttributes (73ms)
				ProcessInitializeOnLoadMethodAttributes (36ms)
				AfterProcessingInitializeOnLoad (0ms)
				EditorAssembliesLoaded (0ms)
			ExecutionOrderSort2 (0ms)
			AwakeInstancesAfterBackupRestoration (0ms)
Platform modules already initialized, skipping
Registering precompiled user dll's ...
Registered in 0.005525 seconds.
Begin MonoManager ReloadAssembly
Native extension for WindowsStandalone target not found
Refreshing native plugins compatible for Editor in 0.63 ms, found 2 plugins.
Preloading 0 native plugins for Editor in 0.00 ms.
Mono: successfully reloaded assembly
- Completed reload, in  1.059 seconds
Domain Reload Profiling:
	ReloadAssembly (1061ms)
		BeginReloadAssembly (150ms)
			ExecutionOrderSort (0ms)
			DisableScriptedObjects (4ms)
			BackupInstance (0ms)
			ReleaseScriptingObjects (0ms)
			CreateAndSetChildDomain (17ms)
		EndReloadAssembly (848ms)
			LoadAssemblies (87ms)
			RebuildTransferFunctionScriptingTraits (0ms)
			SetupTypeCache (259ms)
			ReleaseScriptCaches (0ms)
			RebuildScriptCaches (42ms)
			SetupLoadedEditorAssemblies (366ms)
				LogAssemblyErrors (0ms)
				InitializePlatformSupportModulesInManaged (5ms)
				SetLoadedEditorAssemblies (0ms)
				RefreshPlugins (1ms)
				BeforeProcessingInitializeOnLoad (96ms)
				ProcessInitializeOnLoadAttributes (221ms)
				ProcessInitializeOnLoadMethodAttributes (35ms)
				AfterProcessingInitializeOnLoad (7ms)
				EditorAssembliesLoaded (0ms)
			ExecutionOrderSort2 (0ms)
			AwakeInstancesAfterBackupRestoration (6ms)
Platform modules already initialized, skipping
========================================================================
Worker process is ready to serve import requests
Launched and connected shader compiler UnityShaderCompiler.exe after 0.05 seconds
Refreshing native plugins compatible for Editor in 1.02 ms, found 2 plugins.
Preloading 0 native plugins for Editor in 0.00 ms.
Unloading 1965 Unused Serialized files (Serialized files now loaded: 0)
System memory in use before: 81.5 MB.
System memory in use after: 81.6 MB.

Unloading 56 unused Assets to reduce memory usage. Loaded Objects now: 2371.
Total: 7.686500 ms (FindLiveObjects: 0.297700 ms CreateObjectMapping: 0.104300 ms MarkObjects: 7.119900 ms  DeleteObjects: 0.162000 ms)

AssetImportParameters requested are different than current active one (requested -> active):
  custom:framework-win-MediaFoundation: 216162199b28c13a410421893ffa2e32 -> 
  custom:video-decoder-ogg-theora: a1e56fd34408186e4bbccfd4996cb3dc -> 
  custom:container-muxer-webm: aa71ff27fc2769a1b78a27578f13a17b -> 
  custom:container-demuxer-webm: 4f35f7cbe854078d1ac9338744f61a02 -> 
  custom:container-demuxer-ogg: 62fdf1f143b41e24485cea50d1cbac27 -> 
  custom:video-encoder-webm-vp8: eb34c28f22e8b96e1ab97ce403110664 -> 
  custom:video-codec-MediaFoundation-h265: 746d11721c4dcdbdad8f713fa42b33f4 -> 
  custom:video-decoder-webm-vp8: 9c59270c3fd7afecdb556c50c9e8de78 -> 
  custom:audio-decoder-ogg-vorbis: bf7c407c2cedff20999df2af8eb42d56 -> 
  custom:audio-encoder-webm-vorbis: bf7c407c2cedff20999df2af8eb42d56 -> 
========================================================================
Received Import Request.
  path: Assets
  artifactKey: Guid(00000000000000001000000000000000) Importer(815301076,1909f56bfc062723c751e8b465ee728b)
Start importing Assets using Guid(00000000000000001000000000000000) Importer(815301076,1909f56bfc062723c751e8b465ee728b)  -> (artifact id: '42d402b061de3733987d63b9cc3b64de') in 0.008006 seconds 
  Import took 0.012326 seconds .

========================================================================
Received Import Request.
  Time since last request: 0.000525 seconds.
  path: Assets/Resources
  artifactKey: Guid(2a5c42f424a43ac419ecf83b5af73232) Importer(815301076,1909f56bfc062723c751e8b465ee728b)
Start importing Assets/Resources using Guid(2a5c42f424a43ac419ecf83b5af73232) Importer(815301076,1909f56bfc062723c751e8b465ee728b)  -> (artifact id: 'c43380c65277ca3a0b232933d58a0b15') in 0.003033 seconds 
  Import took 0.006085 seconds .

========================================================================
Received Import Request.
  Time since last request: 10.331195 seconds.
  path: Assets/VRLab
  artifactKey: Guid(6faf49a1d7309734cbf6e3dd1806bd94) Importer(815301076,1909f56bfc062723c751e8b465ee728b)
Start importing Assets/VRLab using Guid(6faf49a1d7309734cbf6e3dd1806bd94) Importer(815301076,1909f56bfc062723c751e8b465ee728b)  -> (artifact id: '1181f247001743d3ed3ee8bfed892e15') in 0.002984 seconds 
  Import took 0.006348 seconds .

========================================================================
Received Import Request.
  Time since last request: 18.241513 seconds.
  path: Assets/VRLab/Models
  artifactKey: Guid(f577f7b121e92c54186b49771e23b88c) Importer(815301076,1909f56bfc062723c751e8b465ee728b)
Start importing Assets/VRLab/Models using Guid(f577f7b121e92c54186b49771e23b88c) Importer(815301076,1909f56bfc062723c751e8b465ee728b)  -> (artifact id: '4d4311c731a5836407556e985b4ff35f') in 0.002821 seconds 
  Import took 0.006898 seconds .

========================================================================
Received Import Request.
  Time since last request: 142.047135 seconds.
  path: Assets/VRLab/Models/Breaker.blend
  artifactKey: Guid(19c588279b0693e4b8a6152e6004e0ba) Importer(815301076,1909f56bfc062723c751e8b465ee728b)
Start importing Assets/VRLab/Models/Breaker.blend using Guid(19c588279b0693e4b8a6152e6004e0ba) Importer(815301076,1909f56bfc062723c751e8b465ee728b)  -> (artifact id: '48d3d12f86a14a54f5bd0c099c6cdc7e') in 0.311947 seconds 
  Import took 0.315765 seconds .

========================================================================
Received Import Request.
  Time since last request: 65.897438 seconds.
  path: Assets/VRLab/Models/Blends
  artifactKey: Guid(71408e295a21ca74d95bea8d8c1ea870) Importer(815301076,1909f56bfc062723c751e8b465ee728b)
Start importing Assets/VRLab/Models/Blends using Guid(71408e295a21ca74d95bea8d8c1ea870) Importer(815301076,1909f56bfc062723c751e8b465ee728b)  -> (artifact id: '9aa2ce8f12be0ed029d8765e400fcf1c') in 0.003149 seconds 
  Import took 0.006826 seconds .

========================================================================
Received Import Request.
  Time since last request: 20.634482 seconds.
  path: Assets/VRLab/Models/Blends/Breaker.blend
  artifactKey: Guid(4a70909b67550ae4caf0334fedb03488) Importer(815301076,1909f56bfc062723c751e8b465ee728b)
Start importing Assets/VRLab/Models/Blends/Breaker.blend using Guid(4a70909b67550ae4caf0334fedb03488) Importer(815301076,1909f56bfc062723c751e8b465ee728b)  -> (artifact id: '4d9bda1377ca12f41bbdf5e78d3ed2af') in 0.024008 seconds 
  Import took 0.026691 seconds .

========================================================================
Received Import Request.
  Time since last request: 0.000289 seconds.
  path: Assets/VRLab/Models/Blends/Door1.blend
  artifactKey: Guid(aedfb4e7f76e8644987ac2e7e1a82bb5) Importer(815301076,1909f56bfc062723c751e8b465ee728b)
Start importing Assets/VRLab/Models/Blends/Door1.blend using Guid(aedfb4e7f76e8644987ac2e7e1a82bb5) Importer(815301076,1909f56bfc062723c751e8b465ee728b)  -> (artifact id: '6ab2132ed939703609b8c10a8e6f65ec') in 0.025308 seconds 
  Import took 0.028995 seconds .

========================================================================
Received Import Request.
  Time since last request: 0.000290 seconds.
  path: Assets/VRLab/Models/Blends/Desk1.blend
  artifactKey: Guid(9a532430afaef8945a2f2d3eb9b88a2e) Importer(815301076,1909f56bfc062723c751e8b465ee728b)
Start importing Assets/VRLab/Models/Blends/Desk1.blend using Guid(9a532430afaef8945a2f2d3eb9b88a2e) Importer(815301076,1909f56bfc062723c751e8b465ee728b)  -> (artifact id: '4dccc2fd3c871e59cfe78954b7d44630') in 0.019398 seconds 
  Import took 0.022148 seconds .

========================================================================
Received Import Request.
  Time since last request: 0.000236 seconds.
  path: Assets/VRLab/Models/Blends/Desk2.blend
  artifactKey: Guid(c240f7c314aacb2498bbcf79431728aa) Importer(815301076,1909f56bfc062723c751e8b465ee728b)
Start importing Assets/VRLab/Models/Blends/Desk2.blend using Guid(c240f7c314aacb2498bbcf79431728aa) Importer(815301076,1909f56bfc062723c751e8b465ee728b)  -> (artifact id: '0d08fcef79f20497017ff87d5824f622') in 0.027922 seconds 
  Import took 0.031014 seconds .

========================================================================
Received Import Request.
  Time since last request: 0.000394 seconds.
  path: Assets/VRLab/Models/Blends/Desk3.blend
  artifactKey: Guid(e8b46932c3d3c124f885a938f354939b) Importer(815301076,1909f56bfc062723c751e8b465ee728b)
Start importing Assets/VRLab/Models/Blends/Desk3.blend using Guid(e8b46932c3d3c124f885a938f354939b) Importer(815301076,1909f56bfc062723c751e8b465ee728b)  -> (artifact id: '4537bceb3868daa3fd23db0ae6a252cd') in 0.025253 seconds 
  Import took 0.028627 seconds .

========================================================================
Received Import Request.
  Time since last request: 0.000225 seconds.
  path: Assets/VRLab/Models/Blends/WhiteTable.blend
  artifactKey: Guid(0e34aafae62ab9e46a0dfed9adc51a34) Importer(815301076,1909f56bfc062723c751e8b465ee728b)
Start importing Assets/VRLab/Models/Blends/WhiteTable.blend using Guid(0e34aafae62ab9e46a0dfed9adc51a34) Importer(815301076,1909f56bfc062723c751e8b465ee728b)  -> (artifact id: '3bcec78bbe82badbcb91eb87cbbf202b') in 0.027669 seconds 
  Import took 0.030174 seconds .

========================================================================
Received Import Request.
  Time since last request: 0.000280 seconds.
  path: Assets/VRLab/Models/Blends/DoorControl.blend
  artifactKey: Guid(ca2cc1f8b2c97374092cfed89f0da416) Importer(815301076,1909f56bfc062723c751e8b465ee728b)
Start importing Assets/VRLab/Models/Blends/DoorControl.blend using Guid(ca2cc1f8b2c97374092cfed89f0da416) Importer(815301076,1909f56bfc062723c751e8b465ee728b)  -> (artifact id: '79d3ec77ec81f0bceb46ae9de0e0b548') in 0.029659 seconds 
  Import took 0.032413 seconds .

========================================================================
Received Import Request.
  Time since last request: 0.000214 seconds.
  path: Assets/VRLab/Models/Blends/PipeElbow2.blend
  artifactKey: Guid(76b98d3f92e41e34db4d5cd0a5f80f21) Importer(815301076,1909f56bfc062723c751e8b465ee728b)
Start importing Assets/VRLab/Models/Blends/PipeElbow2.blend using Guid(76b98d3f92e41e34db4d5cd0a5f80f21) Importer(815301076,1909f56bfc062723c751e8b465ee728b)  -> (artifact id: '75c28aa1a1665ac0552a1efb08db52fc') in 0.016599 seconds 
  Import took 0.019577 seconds .

========================================================================
Received Import Request.
  Time since last request: 0.000200 seconds.
  path: Assets/VRLab/Models/Blends/OriginBox.blend
  artifactKey: Guid(8ef0d139eb238d04d80e1924fc019922) Importer(815301076,1909f56bfc062723c751e8b465ee728b)
Start importing Assets/VRLab/Models/Blends/OriginBox.blend using Guid(8ef0d139eb238d04d80e1924fc019922) Importer(815301076,1909f56bfc062723c751e8b465ee728b)  -> (artifact id: '16ffa04850dc2763d235fe0140ce1905') in 0.022806 seconds 
  Import took 0.025281 seconds .

========================================================================
Received Import Request.
  Time since last request: 0.000221 seconds.
  path: Assets/VRLab/Models/Blends/BreakerConduit.blend
  artifactKey: Guid(ea693b30c51175c4397ef89462d23360) Importer(815301076,1909f56bfc062723c751e8b465ee728b)
Start importing Assets/VRLab/Models/Blends/BreakerConduit.blend using Guid(ea693b30c51175c4397ef89462d23360) Importer(815301076,1909f56bfc062723c751e8b465ee728b)  -> (artifact id: 'a2f8729091364fdf2f13d697340d2971') in 0.021551 seconds 
  Import took 0.024460 seconds .

========================================================================
Received Import Request.
  Time since last request: 0.000209 seconds.
  path: Assets/VRLab/Models/Blends/Monitor1.blend
  artifactKey: Guid(101e208f2d83f4a4da82a3e2dceac0df) Importer(815301076,1909f56bfc062723c751e8b465ee728b)
Start importing Assets/VRLab/Models/Blends/Monitor1.blend using Guid(101e208f2d83f4a4da82a3e2dceac0df) Importer(815301076,1909f56bfc062723c751e8b465ee728b)  -> (artifact id: '97163edbba479d264fad28f0ff5aba83') in 0.039881 seconds 
  Import took 0.042644 seconds .

========================================================================
Received Import Request.
  Time since last request: 0.000193 seconds.
  path: Assets/VRLab/Models/Blends/Walls.blend
  artifactKey: Guid(e38c8a915afec564caf87930a3818d50) Importer(815301076,1909f56bfc062723c751e8b465ee728b)
Start importing Assets/VRLab/Models/Blends/Walls.blend using Guid(e38c8a915afec564caf87930a3818d50) Importer(815301076,1909f56bfc062723c751e8b465ee728b)  -> (artifact id: '1ae3edc9a9fa8a57191fb8e7d1598632') in 0.017449 seconds 
  Import took 0.019871 seconds .

========================================================================
Received Import Request.
  Time since last request: 0.000188 seconds.
  path: Assets/VRLab/Models/Blends/LightPane.blend
  artifactKey: Guid(c4e34e1225ff4154696fbd0f60d4efba) Importer(815301076,1909f56bfc062723c751e8b465ee728b)
Start importing Assets/VRLab/Models/Blends/LightPane.blend using Guid(c4e34e1225ff4154696fbd0f60d4efba) Importer(815301076,1909f56bfc062723c751e8b465ee728b)  -> (artifact id: '508b75058374f34f9cbd2944e0d7c9d1') in 0.023193 seconds 
  Import took 0.025947 seconds .

========================================================================
Received Import Request.
  Time since last request: 0.000225 seconds.
  path: Assets/VRLab/Models/Blends/PipeElbow1.blend
  artifactKey: Guid(161e882e098d22f47b3eb459fa488d43) Importer(815301076,1909f56bfc062723c751e8b465ee728b)
Start importing Assets/VRLab/Models/Blends/PipeElbow1.blend using Guid(161e882e098d22f47b3eb459fa488d43) Importer(815301076,1909f56bfc062723c751e8b465ee728b)  -> (artifact id: '092e3755b4f62cc39d8a224eab0606a3') in 0.020252 seconds 
  Import took 0.022783 seconds .

========================================================================
Received Import Request.
  Time since last request: 701.707631 seconds.
  path: Assets/VRLab/Models/Exports
  artifactKey: Guid(56112f38104c4664f8d6cd97e732c295) Importer(815301076,1909f56bfc062723c751e8b465ee728b)
Start importing Assets/VRLab/Models/Exports using Guid(56112f38104c4664f8d6cd97e732c295) Importer(815301076,1909f56bfc062723c751e8b465ee728b)  -> (artifact id: '82a8c166951c3d7e3172f20340a35465') in 0.003025 seconds 
  Import took 0.006828 seconds .

========================================================================
Received Import Request.
  Time since last request: 5.925790 seconds.
  path: Assets/VRLab/Models/Exports/BreakerConduit.fbx
  artifactKey: Guid(08c3c74df541d9542879db59973e95e0) Importer(815301076,1909f56bfc062723c751e8b465ee728b)
Start importing Assets/VRLab/Models/Exports/BreakerConduit.fbx using Guid(08c3c74df541d9542879db59973e95e0) Importer(815301076,1909f56bfc062723c751e8b465ee728b)  -> (artifact id: 'bdcafe0af9b82e6f66f32bb5d8959545') in 0.060837 seconds 
  Import took 0.063926 seconds .

========================================================================
Received Import Request.
  Time since last request: 0.000216 seconds.
  path: Assets/VRLab/Models/Exports/Monitor1.fbx
  artifactKey: Guid(1d3fe057e65635f419e563667291ccf5) Importer(815301076,1909f56bfc062723c751e8b465ee728b)
Start importing Assets/VRLab/Models/Exports/Monitor1.fbx using Guid(1d3fe057e65635f419e563667291ccf5) Importer(815301076,1909f56bfc062723c751e8b465ee728b)  -> (artifact id: '7f0a841cdee13b9bc42eab44631d9a60') in 0.034945 seconds 
  Import took 0.037678 seconds .

========================================================================
Received Import Request.
  Time since last request: 0.000221 seconds.
  path: Assets/VRLab/Models/Exports/Desk1.fbx
  artifactKey: Guid(532610a058b1c52438d9a36cfab39e02) Importer(815301076,1909f56bfc062723c751e8b465ee728b)
Start importing Assets/VRLab/Models/Exports/Desk1.fbx using Guid(532610a058b1c52438d9a36cfab39e02) Importer(815301076,1909f56bfc062723c751e8b465ee728b)  -> (artifact id: '8cd43da56ea8fcc13a4f29702502d490') in 0.015595 seconds 
  Import took 0.018244 seconds .

========================================================================
Received Import Request.
  Time since last request: 0.000207 seconds.
  path: Assets/VRLab/Models/Exports/Walls.fbx
  artifactKey: Guid(ccf644bf7ebfa584891bfe6f518c8e4b) Importer(815301076,1909f56bfc062723c751e8b465ee728b)
Start importing Assets/VRLab/Models/Exports/Walls.fbx using Guid(ccf644bf7ebfa584891bfe6f518c8e4b) Importer(815301076,1909f56bfc062723c751e8b465ee728b)  -> (artifact id: 'fff62c47856860b3698ce95ea25a81ea') in 0.012522 seconds 
  Import took 0.015363 seconds .

========================================================================
Received Import Request.
  Time since last request: 0.000217 seconds.
  path: Assets/VRLab/Models/Exports/Door1.fbx
  artifactKey: Guid(6a086d15bcbee884888209b3d8309018) Importer(815301076,1909f56bfc062723c751e8b465ee728b)
Start importing Assets/VRLab/Models/Exports/Door1.fbx using Guid(6a086d15bcbee884888209b3d8309018) Importer(815301076,1909f56bfc062723c751e8b465ee728b)  -> (artifact id: 'cdad678f384c4c0b53ebb4bb8db393a0') in 0.018736 seconds 
  Import took 0.021346 seconds .

========================================================================
Received Import Request.
  Time since last request: 0.000215 seconds.
  path: Assets/VRLab/Models/Exports/PipeElbow2.fbx
  artifactKey: Guid(4613fb0a0fd90684083186566ffd3b32) Importer(815301076,1909f56bfc062723c751e8b465ee728b)
Start importing Assets/VRLab/Models/Exports/PipeElbow2.fbx using Guid(4613fb0a0fd90684083186566ffd3b32) Importer(815301076,1909f56bfc062723c751e8b465ee728b)  -> (artifact id: '627aec4e0b1be328bc3dc4dab98b4a2a') in 0.011282 seconds 
  Import took 0.013840 seconds .

========================================================================
Received Import Request.
  Time since last request: 0.000203 seconds.
  path: Assets/VRLab/Models/Exports/LightPane.fbx
  artifactKey: Guid(e02dac4a4e65f894a9831155ae500135) Importer(815301076,1909f56bfc062723c751e8b465ee728b)
Start importing Assets/VRLab/Models/Exports/LightPane.fbx using Guid(e02dac4a4e65f894a9831155ae500135) Importer(815301076,1909f56bfc062723c751e8b465ee728b)  -> (artifact id: 'dcf50c1015776d16d5a70acb4f65a573') in 0.015037 seconds 
  Import took 0.017602 seconds .

========================================================================
Received Import Request.
  Time since last request: 0.000207 seconds.
  path: Assets/VRLab/Models/Exports/WhiteTable.fbx
  artifactKey: Guid(c9b5ec6588c313440908110ce54547e1) Importer(815301076,1909f56bfc062723c751e8b465ee728b)
Start importing Assets/VRLab/Models/Exports/WhiteTable.fbx using Guid(c9b5ec6588c313440908110ce54547e1) Importer(815301076,1909f56bfc062723c751e8b465ee728b)  -> (artifact id: '5a0317ce40e70f585334c8dd3e9001cc') in 0.021995 seconds 
  Import took 0.024744 seconds .

========================================================================
Received Import Request.
  Time since last request: 0.000204 seconds.
  path: Assets/VRLab/Models/Exports/OriginBox.fbx
  artifactKey: Guid(6eb06ea1899bd6c43b4c22fe22b0f754) Importer(815301076,1909f56bfc062723c751e8b465ee728b)
Start importing Assets/VRLab/Models/Exports/OriginBox.fbx using Guid(6eb06ea1899bd6c43b4c22fe22b0f754) Importer(815301076,1909f56bfc062723c751e8b465ee728b)  -> (artifact id: '97faa909f866e408b885b9551fd9dc65') in 0.015888 seconds 
  Import took 0.018448 seconds .

========================================================================
Received Import Request.
  Time since last request: 0.000229 seconds.
  path: Assets/VRLab/Models/Exports/DoorControl.fbx
  artifactKey: Guid(694279d94bb3d664c82c13bb0eece2a2) Importer(815301076,1909f56bfc062723c751e8b465ee728b)
Start importing Assets/VRLab/Models/Exports/DoorControl.fbx using Guid(694279d94bb3d664c82c13bb0eece2a2) Importer(815301076,1909f56bfc062723c751e8b465ee728b)  -> (artifact id: '67f848f1374d97356a6426f027f6eaba') in 0.026501 seconds 
  Import took 0.029191 seconds .

========================================================================
Received Import Request.
  Time since last request: 0.000182 seconds.
  path: Assets/VRLab/Models/Exports/PipeElbow1.fbx
  artifactKey: Guid(2e1e9ebd98a8d2f41a4464aa2785aa97) Importer(815301076,1909f56bfc062723c751e8b465ee728b)
Start importing Assets/VRLab/Models/Exports/PipeElbow1.fbx using Guid(2e1e9ebd98a8d2f41a4464aa2785aa97) Importer(815301076,1909f56bfc062723c751e8b465ee728b)  -> (artifact id: '32a6d9b303bbbe9b44611d5dcb03367c') in 0.011288 seconds 
  Import took 0.014035 seconds .

========================================================================
Received Import Request.
  Time since last request: 274.645120 seconds.
  path: Assets/VRLab/Materials
  artifactKey: Guid(1b767ae5bfdc89147947329ad0b1a93b) Importer(815301076,1909f56bfc062723c751e8b465ee728b)
Start importing Assets/VRLab/Materials using Guid(1b767ae5bfdc89147947329ad0b1a93b) Importer(815301076,1909f56bfc062723c751e8b465ee728b)  -> (artifact id: 'fa09bdea8edba1a2c849c6a8931ae42c') in 0.004469 seconds 
  Import took 0.008977 seconds .

========================================================================
Received Import Request.
  Time since last request: 10.358578 seconds.
  path: Assets/VRLab/Materials/Textures
  artifactKey: Guid(5eaf37ae6e3975049a4b09707064d4ae) Importer(815301076,1909f56bfc062723c751e8b465ee728b)
Start importing Assets/VRLab/Materials/Textures using Guid(5eaf37ae6e3975049a4b09707064d4ae) Importer(815301076,1909f56bfc062723c751e8b465ee728b)  -> (artifact id: '0fc9018ce902ab4a7d50ddb30dbb76b7') in 0.003131 seconds 
  Import took 0.006178 seconds .

========================================================================
Received Import Request.
  Time since last request: 97.092996 seconds.
  path: Assets/VRLab/Materials/Textures/breaker-albedo.psd
  artifactKey: Guid(ae9af60150fe1af41b501351d54ad29e) Importer(815301076,1909f56bfc062723c751e8b465ee728b)
Start importing Assets/VRLab/Materials/Textures/breaker-albedo.psd using Guid(ae9af60150fe1af41b501351d54ad29e) Importer(815301076,1909f56bfc062723c751e8b465ee728b)  -> (artifact id: 'deeeeaec96303d678ee30c24579dd30c') in 0.023234 seconds 
  Import took 0.026173 seconds .

========================================================================
Received Import Request.
  Time since last request: 0.000289 seconds.
  path: Assets/VRLab/Materials/Textures/wall-normal.psd
  artifactKey: Guid(34b54891ad022d2458fafdc37f0c1997) Importer(815301076,1909f56bfc062723c751e8b465ee728b)
Start importing Assets/VRLab/Materials/Textures/wall-normal.psd using Guid(34b54891ad022d2458fafdc37f0c1997) Importer(815301076,1909f56bfc062723c751e8b465ee728b)  -> (artifact id: '9d844958d5effc580eb58df680931f9e') in 0.008453 seconds 
  Import took 0.011156 seconds .

========================================================================
Received Import Request.
  Time since last request: 0.000235 seconds.
  path: Assets/VRLab/Materials/Textures/desk2-legs-albedo.psd
  artifactKey: Guid(85574be30c9e24148bfa0bd31cec74f0) Importer(815301076,1909f56bfc062723c751e8b465ee728b)
Start importing Assets/VRLab/Materials/Textures/desk2-legs-albedo.psd using Guid(85574be30c9e24148bfa0bd31cec74f0) Importer(815301076,1909f56bfc062723c751e8b465ee728b)  -> (artifact id: '0cbcd63507382e9287f9e1fd6263d4c6') in 0.009395 seconds 
  Import took 0.012642 seconds .

========================================================================
Received Import Request.
  Time since last request: 0.000264 seconds.
  path: Assets/VRLab/Materials/Textures/desk3-legs-albedo.psd
  artifactKey: Guid(cc5e0c184bf38ef4692efbee27749bb7) Importer(815301076,1909f56bfc062723c751e8b465ee728b)
Start importing Assets/VRLab/Materials/Textures/desk3-legs-albedo.psd using Guid(cc5e0c184bf38ef4692efbee27749bb7) Importer(815301076,1909f56bfc062723c751e8b465ee728b)  -> (artifact id: '5aca9f63fe6cf0ab04d999d5bb4f27a0') in 0.010914 seconds 
  Import took 0.014420 seconds .

========================================================================
Received Import Request.
  Time since last request: 0.000300 seconds.
  path: Assets/VRLab/Materials/Textures/desk2-legs-metallic.psd
  artifactKey: Guid(91bfaa09aabce3b4daa8e41f529e4843) Importer(815301076,1909f56bfc062723c751e8b465ee728b)
Start importing Assets/VRLab/Materials/Textures/desk2-legs-metallic.psd using Guid(91bfaa09aabce3b4daa8e41f529e4843) Importer(815301076,1909f56bfc062723c751e8b465ee728b)  -> (artifact id: '8dcf5896cca7e547953aa27908fd7433') in 0.010063 seconds 
  Import took 0.013635 seconds .

========================================================================
Received Import Request.
  Time since last request: 0.000363 seconds.
  path: Assets/VRLab/Materials/Textures/doorcontrol-normal.psd
  artifactKey: Guid(8d45f6d520da2af45921bc54dcca2759) Importer(815301076,1909f56bfc062723c751e8b465ee728b)
Start importing Assets/VRLab/Materials/Textures/doorcontrol-normal.psd using Guid(8d45f6d520da2af45921bc54dcca2759) Importer(815301076,1909f56bfc062723c751e8b465ee728b)  -> (artifact id: 'd52344f874a1b2276deffb00d1edbdfb') in 0.010343 seconds 
  Import took 0.014613 seconds .

========================================================================
Received Import Request.
  Time since last request: 0.000272 seconds.
  path: Assets/VRLab/Materials/Textures/brushed-albedo.psd
  artifactKey: Guid(44d8f6d16d04f0a42b1d6d38c5b4bb4b) Importer(815301076,1909f56bfc062723c751e8b465ee728b)
Start importing Assets/VRLab/Materials/Textures/brushed-albedo.psd using Guid(44d8f6d16d04f0a42b1d6d38c5b4bb4b) Importer(815301076,1909f56bfc062723c751e8b465ee728b)  -> (artifact id: 'c01886cc6b9e7afb9910bdc84cfbffc9') in 0.010480 seconds 
  Import took 0.014128 seconds .

========================================================================
Received Import Request.
  Time since last request: 0.000242 seconds.
  path: Assets/VRLab/Materials/Textures/wall-albedo.psd
  artifactKey: Guid(2fe5ebbe59130ce4d88a0c7d92dc9998) Importer(815301076,1909f56bfc062723c751e8b465ee728b)
Start importing Assets/VRLab/Materials/Textures/wall-albedo.psd using Guid(2fe5ebbe59130ce4d88a0c7d92dc9998) Importer(815301076,1909f56bfc062723c751e8b465ee728b)  -> (artifact id: 'b38f9f6692eed0f4aa1f6dd50ed36e18') in 0.011717 seconds 
  Import took 0.014915 seconds .

========================================================================
Received Import Request.
  Time since last request: 0.000284 seconds.
  path: Assets/VRLab/Materials/Textures/wall-bump.psd
  artifactKey: Guid(bb065b1502089564bb2ef8bbc6f4c206) Importer(815301076,1909f56bfc062723c751e8b465ee728b)
Start importing Assets/VRLab/Materials/Textures/wall-bump.psd using Guid(bb065b1502089564bb2ef8bbc6f4c206) Importer(815301076,1909f56bfc062723c751e8b465ee728b)  -> (artifact id: '16c57fb0f5688be85e27f7a18afc1b82') in 0.009086 seconds 
  Import took 0.012039 seconds .

========================================================================
Received Import Request.
  Time since last request: 0.000297 seconds.
  path: Assets/VRLab/Materials/Textures/fluorescent.psd
  artifactKey: Guid(f5c96cb5ca3394d4a8ee2500b6e27e50) Importer(815301076,1909f56bfc062723c751e8b465ee728b)
Start importing Assets/VRLab/Materials/Textures/fluorescent.psd using Guid(f5c96cb5ca3394d4a8ee2500b6e27e50) Importer(815301076,1909f56bfc062723c751e8b465ee728b)  -> (artifact id: '5d61d15792e9a4fc63fc57236eb808ed') in 0.009992 seconds 
  Import took 0.013506 seconds .

========================================================================
Received Import Request.
  Time since last request: 0.000304 seconds.
  path: Assets/VRLab/Materials/Textures/paint-normal.psd
  artifactKey: Guid(d2b39a9227758b844988f96861137701) Importer(815301076,1909f56bfc062723c751e8b465ee728b)
Start importing Assets/VRLab/Materials/Textures/paint-normal.psd using Guid(d2b39a9227758b844988f96861137701) Importer(815301076,1909f56bfc062723c751e8b465ee728b)  -> (artifact id: '9b785b7bd28ceaae206e8d53064fcf8b') in 0.008850 seconds 
  Import took 0.011754 seconds .

========================================================================
Received Import Request.
  Time since last request: 0.000308 seconds.
  path: Assets/VRLab/Materials/Textures/wall-metallic.psd
  artifactKey: Guid(2efef1195fbad214e88f1db3472fce20) Importer(815301076,1909f56bfc062723c751e8b465ee728b)
Start importing Assets/VRLab/Materials/Textures/wall-metallic.psd using Guid(2efef1195fbad214e88f1db3472fce20) Importer(815301076,1909f56bfc062723c751e8b465ee728b)  -> (artifact id: 'd6827bf507a7767575b1e0a156777239') in 0.009395 seconds 
  Import took 0.012460 seconds .

========================================================================
Received Import Request.
  Time since last request: 0.000233 seconds.
  path: Assets/VRLab/Materials/Textures/desk2-legs-normal.psd
  artifactKey: Guid(384bace594993174aa2c878ce7d03d85) Importer(815301076,1909f56bfc062723c751e8b465ee728b)
Start importing Assets/VRLab/Materials/Textures/desk2-legs-normal.psd using Guid(384bace594993174aa2c878ce7d03d85) Importer(815301076,1909f56bfc062723c751e8b465ee728b)  -> (artifact id: 'd77267ee0cd6bc66e01ad4eabd8e67f1') in 0.008604 seconds 
  Import took 0.011532 seconds .

========================================================================
Received Import Request.
  Time since last request: 0.000275 seconds.
  path: Assets/VRLab/Materials/Textures/seamlesswood.psd
  artifactKey: Guid(8a0b63f2fd2b42d4e84cd230fa677eb9) Importer(815301076,1909f56bfc062723c751e8b465ee728b)
Start importing Assets/VRLab/Materials/Textures/seamlesswood.psd using Guid(8a0b63f2fd2b42d4e84cd230fa677eb9) Importer(815301076,1909f56bfc062723c751e8b465ee728b)  -> (artifact id: 'b74c3bba84a3b0632c80331d2a41c15d') in 0.009031 seconds 
  Import took 0.011939 seconds .

========================================================================
Received Import Request.
  Time since last request: 0.000214 seconds.
  path: Assets/VRLab/Materials/Textures/desk2-top-albedo.psd
  artifactKey: Guid(ccdf892ae1fe6704e9889d1634f5a37b) Importer(815301076,1909f56bfc062723c751e8b465ee728b)
Start importing Assets/VRLab/Materials/Textures/desk2-top-albedo.psd using Guid(ccdf892ae1fe6704e9889d1634f5a37b) Importer(815301076,1909f56bfc062723c751e8b465ee728b)  -> (artifact id: 'b6c5e15014c452621933e7cbd17b8c57') in 0.008863 seconds 
  Import took 0.011616 seconds .

========================================================================
Received Import Request.
  Time since last request: 0.000247 seconds.
  path: Assets/VRLab/Materials/Textures/breakerconduit-normal.psd
  artifactKey: Guid(488bbc25258e46349af8758f025801f2) Importer(815301076,1909f56bfc062723c751e8b465ee728b)
Start importing Assets/VRLab/Materials/Textures/breakerconduit-normal.psd using Guid(488bbc25258e46349af8758f025801f2) Importer(815301076,1909f56bfc062723c751e8b465ee728b)  -> (artifact id: 'f0cc9c725f3a28db7a08960878ac5e57') in 0.009113 seconds 
  Import took 0.012601 seconds .

========================================================================
Received Import Request.
  Time since last request: 0.000289 seconds.
  path: Assets/VRLab/Materials/Textures/doorcontrol-albedo.psd
  artifactKey: Guid(426a303d0d7bfdf43a2ffc5e7d18acce) Importer(815301076,1909f56bfc062723c751e8b465ee728b)
Start importing Assets/VRLab/Materials/Textures/doorcontrol-albedo.psd using Guid(426a303d0d7bfdf43a2ffc5e7d18acce) Importer(815301076,1909f56bfc062723c751e8b465ee728b)  -> (artifact id: '27f6476eb704380d2adf9451892cbaf7') in 0.009111 seconds 
  Import took 0.011928 seconds .

========================================================================
Received Import Request.
  Time since last request: 0.000261 seconds.
  path: Assets/VRLab/Materials/Textures/door-albedo.psd
  artifactKey: Guid(568ae021834f62542b545388e707d913) Importer(815301076,1909f56bfc062723c751e8b465ee728b)
Start importing Assets/VRLab/Materials/Textures/door-albedo.psd using Guid(568ae021834f62542b545388e707d913) Importer(815301076,1909f56bfc062723c751e8b465ee728b)  -> (artifact id: '48478ffc07da236365d05fcf00d3593f') in 0.009590 seconds 
  Import took 0.012325 seconds .

========================================================================
Received Import Request.
  Time since last request: 0.000209 seconds.
  path: Assets/VRLab/Materials/Textures/floor-albedo.psd
  artifactKey: Guid(35c563eefd525ff46ad0fbeaaeabf44c) Importer(815301076,1909f56bfc062723c751e8b465ee728b)
Start importing Assets/VRLab/Materials/Textures/floor-albedo.psd using Guid(35c563eefd525ff46ad0fbeaaeabf44c) Importer(815301076,1909f56bfc062723c751e8b465ee728b)  -> (artifact id: '9198dfae381d4bbc1cab536d29c15193') in 0.008925 seconds 
  Import took 0.011604 seconds .

========================================================================
Received Import Request.
  Time since last request: 0.000229 seconds.
  path: Assets/VRLab/Materials/Textures/breaker-normal.psd
  artifactKey: Guid(88f76de5b607b0645a8b084607ce07ba) Importer(815301076,1909f56bfc062723c751e8b465ee728b)
Start importing Assets/VRLab/Materials/Textures/breaker-normal.psd using Guid(88f76de5b607b0645a8b084607ce07ba) Importer(815301076,1909f56bfc062723c751e8b465ee728b)  -> (artifact id: '6e5219f8010a54df201095fb2704fe5e') in 0.008410 seconds 
  Import took 0.010995 seconds .

========================================================================
Received Import Request.
  Time since last request: 0.000216 seconds.
  path: Assets/VRLab/Materials/Textures/ceiling-metallic.psd
  artifactKey: Guid(a8e9f8adefc45634798018a3bcd2e325) Importer(815301076,1909f56bfc062723c751e8b465ee728b)
Start importing Assets/VRLab/Materials/Textures/ceiling-metallic.psd using Guid(a8e9f8adefc45634798018a3bcd2e325) Importer(815301076,1909f56bfc062723c751e8b465ee728b)  -> (artifact id: 'b4e7a3951fd1eb92397647a0f503f318') in 0.008512 seconds 
  Import took 0.011190 seconds .

========================================================================
Received Import Request.
  Time since last request: 0.000213 seconds.
  path: Assets/VRLab/Materials/Textures/whitetableleg-albedo.psd
  artifactKey: Guid(6436546f104ffd0439a7391121c4f1c4) Importer(815301076,1909f56bfc062723c751e8b465ee728b)
Start importing Assets/VRLab/Materials/Textures/whitetableleg-albedo.psd using Guid(6436546f104ffd0439a7391121c4f1c4) Importer(815301076,1909f56bfc062723c751e8b465ee728b)  -> (artifact id: 'a46c84c558292fecc6c65321c94755fe') in 0.008146 seconds 
  Import took 0.011099 seconds .

========================================================================
Received Import Request.
  Time since last request: 0.000226 seconds.
  path: Assets/VRLab/Materials/Textures/doorcontrol-metallic.psd
  artifactKey: Guid(4a40918329015ed4e901b31f2785827e) Importer(815301076,1909f56bfc062723c751e8b465ee728b)
Start importing Assets/VRLab/Materials/Textures/doorcontrol-metallic.psd using Guid(4a40918329015ed4e901b31f2785827e) Importer(815301076,1909f56bfc062723c751e8b465ee728b)  -> (artifact id: '0344b174a36090ccc92a89275c35edd1') in 0.009140 seconds 
  Import took 0.011836 seconds .

========================================================================
Received Import Request.
  Time since last request: 0.000207 seconds.
  path: Assets/VRLab/Materials/Textures/desk3-top-albedo.psd
  artifactKey: Guid(659e485ec9cc59646af05d309291a066) Importer(815301076,1909f56bfc062723c751e8b465ee728b)
Start importing Assets/VRLab/Materials/Textures/desk3-top-albedo.psd using Guid(659e485ec9cc59646af05d309291a066) Importer(815301076,1909f56bfc062723c751e8b465ee728b)  -> (artifact id: 'a236fa9cb1a9cb9c9374d07048b18a8e') in 0.007790 seconds 
  Import took 0.010607 seconds .

========================================================================
Received Import Request.
  Time since last request: 0.000215 seconds.
  path: Assets/VRLab/Materials/Textures/breaker-metallic.psd
  artifactKey: Guid(7d65e78a80331fd45b906b53be33030d) Importer(815301076,1909f56bfc062723c751e8b465ee728b)
Start importing Assets/VRLab/Materials/Textures/breaker-metallic.psd using Guid(7d65e78a80331fd45b906b53be33030d) Importer(815301076,1909f56bfc062723c751e8b465ee728b)  -> (artifact id: '9b14946bd4b6f57acdd281282853d3e5') in 0.008578 seconds 
  Import took 0.011364 seconds .

========================================================================
Received Import Request.
  Time since last request: 0.000204 seconds.
  path: Assets/VRLab/Materials/Textures/door-metallic.psd
  artifactKey: Guid(def2e39876949d04387c42dacd9d8bba) Importer(815301076,1909f56bfc062723c751e8b465ee728b)
Start importing Assets/VRLab/Materials/Textures/door-metallic.psd using Guid(def2e39876949d04387c42dacd9d8bba) Importer(815301076,1909f56bfc062723c751e8b465ee728b)  -> (artifact id: '1c4340998729f0f6d55274e5088ec69b') in 0.008316 seconds 
  Import took 0.011029 seconds .

========================================================================
Received Import Request.
  Time since last request: 0.000199 seconds.
  path: Assets/VRLab/Materials/Textures/origin-albedo.psd
  artifactKey: Guid(e249672d4f5bafc44b2c26318f376dcb) Importer(815301076,1909f56bfc062723c751e8b465ee728b)
Start importing Assets/VRLab/Materials/Textures/origin-albedo.psd using Guid(e249672d4f5bafc44b2c26318f376dcb) Importer(815301076,1909f56bfc062723c751e8b465ee728b)  -> (artifact id: 'd26fe579f94b1193486b64290e6523c4') in 0.008260 seconds 
  Import took 0.010942 seconds .

========================================================================
Received Import Request.
  Time since last request: 9.917401 seconds.
  path: Assets/VRLab/Materials/Walls.mat
  artifactKey: Guid(40d7a146a592958469088082e2ede705) Importer(815301076,1909f56bfc062723c751e8b465ee728b)
Start importing Assets/VRLab/Materials/Walls.mat using Guid(40d7a146a592958469088082e2ede705) Importer(815301076,1909f56bfc062723c751e8b465ee728b)  -> (artifact id: 'a5b367bf242fd0e72fd1f8690870ecad') in 0.011548 seconds 
  Import took 0.014544 seconds .

========================================================================
Received Import Request.
  Time since last request: 135.970771 seconds.
  path: Assets/VRLab/Models/Exports/Ceiling Light.prefab
  artifactKey: Guid(1c917796b070c7c4ca2b7f5806fcfbeb) Importer(815301076,1909f56bfc062723c751e8b465ee728b)
Start importing Assets/VRLab/Models/Exports/Ceiling Light.prefab using Guid(1c917796b070c7c4ca2b7f5806fcfbeb) Importer(815301076,1909f56bfc062723c751e8b465ee728b)  -> (artifact id: 'd0b87efa33a20671f315a6fb77f1f978') in 0.012148 seconds 
  Import took 0.015585 seconds .

AssetImportWorkerClient::OnTransportError - code=2 error=End of file
